{
  "timestamp": "2022-09-15 07:38:51.861775",
  "device_info": {
    "serial_number": "ACkAMUhOUA4gNDNW",
    "model": "800",
    "git_hash": "0965b28edd417f4e935f87d1ad40a607093d816f",
    "git_dirty": false,
    "git_timestamp": 1651418160,
    "uuid": "c0aa2212-77ab-49c0-bced-a83d40cabfc7"
  },
  "calibration": {
    "invert": false,
    "phase_invert": false,
    "poles": 28,
    "offset": [
      -1.2306488942962488,
      -1.2529131767875674,
      -1.2774359326969893,
      -1.2772931039018267,
      -1.288659504464421,
      -1.3011377714979042,
      -1.2986531137126247,
      -1.3046380915010445,
      -1.2948536242748132,
      -1.2627430417630698,
      -1.2639312377980223,
      -1.2581929557218146,
      -1.2317715260462674,
      -1.2314299267764397,
      -1.2298997438733095,
      -1.2057918878015037,
      -1.2116807800403366,
      -1.200838818219662,
      -1.1757333950581013,
      -1.1810855652876877,
      -1.178096315756496,
      -1.1750104593749768,
      -1.1818887004415208,
      -1.1755873959003307,
      -1.1738663101616147,
      -1.1914385313631615,
      -1.175108638772371,
      -1.1704704037682774,
      -1.1935930893658915,
      -1.1976705968811705,
      -1.2034293175831847,
      -1.2115548673807643,
      -1.2076287434693425,
      -1.2237962787752767,
      -1.2509200347053837,
      -1.247234760438748,
      -1.2533600322184635,
      -1.269568363300879,
      -1.2739219689150705,
      -1.2778579080113013,
      -1.2705681512120421,
      -1.2416348657930236,
      -1.2356232324655392,
      -1.228658123117464,
      -1.1922354792380447,
      -1.1755015242656839,
      -1.163242382037863,
      -1.156701935730909,
      -1.1578810988205226,
      -1.1494789630976507,
      -1.1303159239825662,
      -1.152264823633471,
      -1.162815769020395,
      -1.1583432128638345,
      -1.1664810156027499,
      -1.1713126604343982,
      -1.1841989042316619,
      -1.196422974184735,
      -1.1796761025749858,
      -1.1708455472810233,
      -1.1974507015744784,
      -1.2021231943590096,
      -1.2064277904384364,
      -1.2235577872100736
    ]
  },
  "winding_resistance": 0.5171634416364268,
  "inductance": 0.0005618065941669861,
  "pid_dq_kp": 0.2,
  "pid_dq_ki": 184.10728781254213,
  "torque_bw_hz": 56.65826807457857,
  "encoder_filter_bw_hz": 113.31653614915714,
  "encoder_filter_kp": 1423.9775899857373,
  "encoder_filter_ki": 506928.0441953971,
  "v_per_hz": 0.32770852185760907,
  "kv": 91.54476615360996,
  "unwrapped_position_scale": 1.0
}
