{
  "timestamp": "2022-09-15 07:29:30.638321",
  "device_info": {
    "serial_number": "ACkAMUhOUA4gNDNW",
    "model": "800",
    "git_hash": "0965b28edd417f4e935f87d1ad40a607093d816f",
    "git_dirty": false,
    "git_timestamp": 1651418160,
    "uuid": "c0aa2212-77ab-49c0-bced-a83d40cabfc7"
  },
  "calibration": {
    "invert": false,
    "phase_invert": false,
    "poles": 28,
    "offset": [
      -1.2336582342534959,
      -1.2564632118430146,
      -1.2810568609444193,
      -1.2791264074823463,
      -1.292036655442369,
      -1.3068471706048523,
      -1.3021251043673856,
      -1.306615796586471,
      -1.2966876661182622,
      -1.2707542826956122,
      -1.2767824876785687,
      -1.2703882778123285,
      -1.2376648454087602,
      -1.229771297328811,
      -1.2262301929948258,
      -1.2164843084160233,
      -1.2211361194694366,
      -1.202228144362606,
      -1.1731733788264564,
      -1.1871310789731129,
      -1.1933183331858195,
      -1.1805097000795188,
      -1.176503216503589,
      -1.1609604134148794,
      -1.1593777101741267,
      -1.1828297119478721,
      -1.174231147022409,
      -1.169346606889237,
      -1.1931988838814351,
      -1.2012003838740692,
      -1.2094301527033937,
      -1.218828530759621,
      -1.2138510097447814,
      -1.2336137146321478,
      -1.261780044776276,
      -1.2571892799508042,
      -1.262705105761716,
      -1.2805419816285863,
      -1.2808024602707155,
      -1.2883081609716205,
      -1.277909124413669,
      -1.2521871042869284,
      -1.2487572640716564,
      -1.243925358367013,
      -1.2109529530262386,
      -1.1889645761060845,
      -1.1736373227060686,
      -1.1570166647999065,
      -1.165122854894852,
      -1.1523789371964355,
      -1.1365231741277202,
      -1.1619639486124593,
      -1.1723025218314862,
      -1.161014324557254,
      -1.1733662182895348,
      -1.1740466413190014,
      -1.18516802793748,
      -1.1985841805577029,
      -1.1807703213962406,
      -1.1781683228085849,
      -1.2029697526689,
      -1.2032816055212634,
      -1.2098768949371337,
      -1.2274863526445945
    ]
  },
  "winding_resistance": 0.49939791231692515,
  "inductance": 0.0004917423340170858,
  "pid_dq_kp": 0.2,
  "pid_dq_ki": 203.1136543552394,
  "torque_bw_hz": 64.73103171400551,
  "encoder_filter_bw_hz": 129.46206342801102,
  "encoder_filter_kp": 1626.868269536061,
  "encoder_filter_ki": 661675.0916058144,
  "v_per_hz": 0.32221644368220326,
  "kv": 93.1051179671901,
  "unwrapped_position_scale": 1.0
}
